=== RUN   TestAccAssessmentDataSource
    data_source_assessment_test.go:11: Step 1/1 error: Error running pre-apply refresh: exit status 1
        
        Error: Error assessing cookbook
        
          with data.souschef_assessment.test,
          on terraform_plugin_test.tf line 2, in data "souschef_assessment" "test":
           2: data "souschef_assessment" "test" {
        
        Could not assess cookbook: exec: "souschef": executable file not found in
        $PATH
        
--- FAIL: TestAccAssessmentDataSource (10.16s)
=== RUN   TestAccMigrationResource
    resource_migration_test.go:11: Step 1/3 error: Error running apply: exit status 1
        
        Error: Error converting recipe
        
          with souschef_migration.test,
          on terraform_plugin_test.tf line 2, in resource "souschef_migration" "test":
           2: resource "souschef_migration" "test" {
        
        Could not convert recipe: exec: "souschef": executable file not found in
        $PATH
        
--- FAIL: TestAccMigrationResource (10.40s)
FAIL
FAIL	github.com/kpeacocke/terraform-provider-souschef/internal/provider	20.562s
FAIL
